-------------------------------------------------------------------------------
Test set: Scenario: username and password not match
-------------------------------------------------------------------------------
Tests run: 3, Failures: 1, Errors: 0, Skipped: 0, Time elapsed: 8.767 s <<< FAILURE! - in Scenario: username and password not match
Scenario: username and password not match.Then user see error message  Time elapsed: 0.01 s  <<< FAILURE!
junit.framework.AssertionFailedError: expected:<Invalid credentials> but was:<page_object.LoginPage@52350abb>

