<?xml version="1.0" encoding="UTF-8"?>
<testsuite xmlns:xsi="http://www.w3.org/2001/XMLSchema-instance" xsi:noNamespaceSchemaLocation="https://maven.apache.org/surefire/maven-surefire-plugin/xsd/surefire-test-report-3.0.xsd" version="3.0" name="Scenario: username and password match" time="18.182" tests="8" errors="0" skipped="0" failures="0">
  <properties>
[...]
</properties>
  <testcase name="Given user open the web page" classname="Scenario: username and password not match" time="0.001">
    <system-out><![CDATA[@LoginValidInvalid @Orangehrm
Feature: Login
]]></system-out>
    <system-err><![CDATA[Starting ChromeDriver 92.0.4515.107 (87a818b10553a07434ea9e2b6dccf3cbe7895134-refs/branch-hea[16305ds/8495359.615@{#1634}) on 6port 63]633[1WARNING]: FromSoc
kOAddr failed on netmaskn
ly local connections are allowed.
Please see https://chromedriver.chromium.org/security-considerations for suggestions on keeping ChromeDriver safe.
ChromeDriver was started successfully.
Sep 02, 2021 8:29:21 PM org.openqa.selenium.remote.ProtocolHandshake createSession
INFO: Detected dialect: W3C
]]></system-err>
  </testcase>
  <testcase name="When user input invalid username and password" classname="Scenario: username and password not match" time="0"/>
  <testcase name="Then user see error message" classname="Scenario: username and password not match" time="0"/>
  <testcase name="" classname="Scenario: username and password not match" time="0.129"/>
  <testcase name="Given user open the web page" classname="Scenario: username and password match" time="0">
    <system-out><![CDATA[
  @NegativeCase
  Scenario: username and password not match       &amp#27;[90m# Features/Login.feature:5&amp#27;[0m
    &amp#27;[32mGiven &amp#27;[0m&amp#27;[32muser open the web page&amp#27;[0m                  &amp#27;[90m# LoginOrangesSteps.user_open_the_web_page()&amp#27;[0m
    &amp#27;[32mWhen &amp#27;[0m&amp#27;[32muser input invalid username and password&amp#27;[0m &amp#27;[90m# LoginOrangesSteps.user_input_invalid_username_and_password()&amp#27;[0m
    &amp#27;[32mThen &amp#27;[0m&amp#27;[32muser see error message&amp#27;[0m                   &amp#27;[90m# LoginOrangesSteps.user_see_error_message()&amp#27;[0m
]]></system-out>
    <system-err><![CDATA[Starting ChromeDriver 92.0.4515.107 (87a818b10553a07434ea9e2b6dccf3cbe7895134-refs/branch-heads/4515@{#1634}) on port 17064
Only local connections are allowed.
Please see https://chromedriver.chromium.org/security-considerations for [s1uggesti6ons on keeping ChromeDriver safe.
ChromeDriv3er was started successfully.
0589367.709][WARNING]: FromSockAddr failed on netmask
Sep 02, 2021 8:29:29 PM org.openqa.selenium.remote.ProtocolHandshake createSession
INFO: Detected dialect: W3C
]]></system-err>
  </testcase>
  <testcase name="When user input &quot;admin&quot; as username and &quot;admin123&quot; as password" classname="Scenario: username and password match" time="0"/>
  <testcase name="Then user see dashboard page" classname="Scenario: username and password match" time="0"/>
  <testcase name="" classname="Scenario: username and password match" time="0.121"/>
</testsuite>